============================= test session starts =============================
platform win32 -- Python 3.14.6, pytest-9.1.0, pluggy-1.6.0
rootdir: C:\Users\Guang\Desktop\quant-monitor-desk-wt-review-r3-post-r3x-strict-audit
configfile: pytest.ini (WARNING: ignoring pytest config in pyproject.toml!)
plugins: anyio-4.14.0, cov-7.1.0
collected 18 items

tests\test_round3_audit_registry_alignment.py ..................         [100%]

============================= 18 passed in 0.09s ==============================
